<?xml version="1.0" encoding="UTF-8"?>
<testng-results skipped="0" failed="0" total="1" passed="1">
  <reporter-output>
  </reporter-output>
  <suite name="Command line suite" duration-ms="83" started-at="2017-09-21T19:31:15Z" finished-at="2017-09-21T19:31:15Z">
    <groups>
    </groups>
    <test name="Command line test" duration-ms="83" started-at="2017-09-21T19:31:15Z" finished-at="2017-09-21T19:31:15Z">
      <class name="com.OnMobile.AppTest">
        <test-method status="PASS" signature="testApp()[pri:0, instance:testApp(com.OnMobile.AppTest)]" name="testApp" duration-ms="15" started-at="2017-09-22T01:01:15Z" finished-at="2017-09-22T01:01:15Z">
          <reporter-output>
          </reporter-output>
        </test-method> <!-- testApp -->
      </class> <!-- com.OnMobile.AppTest -->
    </test> <!-- Command line test -->
  </suite> <!-- Command line suite -->
</testng-results>
