<?xml version="1.0" encoding="UTF-8"?>
<!-- Generated by org.testng.reporters.JUnitXMLReporter -->
<testsuite hostname="WBLL1215E4103" name="Command line test" tests="1" failures="0" timestamp="21 Sep 2017 20:55:06 GMT" time="0.03" errors="0">
  <testcase name="@BeforeMethod start_Appiumserver" time="0.0" classname="com.OnMobile.AppTest">
    <failure type="java.lang.NullPointerException">
      <![CDATA[java.lang.NullPointerException
	at com.OnMobile.GenericLib.ReusableMethod.waitForFullpageToLoad(ReusableMethod.java:19)
	at com.OnMobile.AppTest.start_Appiumserver(AppTest.java:27)
	at org.apache.maven.surefire.testng.TestNGExecutor.run(TestNGExecutor.java:70)
	at org.apache.maven.surefire.testng.TestNGDirectoryTestSuite.executeMulti(TestNGDirectoryTestSuite.java:158)
	at org.apache.maven.surefire.testng.TestNGDirectoryTestSuite.execute(TestNGDirectoryTestSuite.java:98)
	at org.apache.maven.surefire.testng.TestNGProvider.invoke(TestNGProvider.java:111)
	at org.apache.maven.surefire.util.ReflectionUtils.invokeMethodWithArray(ReflectionUtils.java:164)
	at org.apache.maven.surefire.booter.ProviderFactory$ProviderProxy.invoke(ProviderFactory.java:110)
	at org.apache.maven.surefire.booter.SurefireStarter.invokeProvider(SurefireStarter.java:175)
	at org.apache.maven.surefire.booter.SurefireStarter.runSuitesInProcessWhenForked(SurefireStarter.java:107)
	at org.apache.maven.surefire.booter.ForkedBooter.main(ForkedBooter.java:68)
... Removed 27 stack frames]]>
    </failure>
  </testcase> <!-- @BeforeMethod start_Appiumserver -->
  <testcase name="@AfterMethod stop_AppiumServer" time="0.0" classname="com.OnMobile.AppTest">
    <skipped/>
  </testcase> <!-- @AfterMethod stop_AppiumServer -->
  <testcase name="start" time="0.01" classname="com.OnMobile.AppTest">
    <skipped/>
  </testcase> <!-- start -->
</testsuite> <!-- Command line test -->
