<?xml version="1.0" encoding="UTF-8"?>
<testng-results skipped="0" failed="0" ignored="0" total="1" passed="1">
  <reporter-output>
  </reporter-output>
  <suite name="com.OnMobile.AppTest" duration-ms="57340" started-at="2017-09-23T16:21:45Z" finished-at="2017-09-23T16:22:43Z">
    <groups>
    </groups>
    <test name="Command line test" duration-ms="57340" started-at="2017-09-23T16:21:45Z" finished-at="2017-09-23T16:22:43Z">
      <class name="com.OnMobile.AppTest">
        <test-method status="PASS" signature="runAppium()[pri:0, instance:com.OnMobile.AppTest@1ce92674]" name="runAppium" is-config="true" duration-ms="46334" started-at="2017-09-23T21:50:59Z" finished-at="2017-09-23T21:51:45Z">
          <reporter-output>
          </reporter-output>
        </test-method> <!-- runAppium -->
        <test-method status="PASS" signature="allowMeToAppPermison()[pri:0, instance:com.OnMobile.AppTest@1ce92674]" name="allowMeToAppPermison" is-config="true" duration-ms="51569" started-at="2017-09-23T21:51:46Z" finished-at="2017-09-23T21:52:37Z">
          <reporter-output>
          </reporter-output>
        </test-method> <!-- allowMeToAppPermison -->
        <test-method status="PASS" signature="launchApp()[pri:0, instance:com.OnMobile.AppTest@1ce92674]" name="launchApp" duration-ms="1" started-at="2017-09-23T21:52:37Z" finished-at="2017-09-23T21:52:37Z">
          <reporter-output>
          </reporter-output>
        </test-method> <!-- launchApp -->
        <test-method status="PASS" signature="exit_From_App()[pri:0, instance:com.OnMobile.AppTest@1ce92674]" name="exit_From_App" is-config="true" duration-ms="5626" started-at="2017-09-23T21:52:37Z" finished-at="2017-09-23T21:52:43Z">
          <reporter-output>
          </reporter-output>
        </test-method> <!-- exit_From_App -->
        <test-method status="PASS" signature="stopAppium()[pri:0, instance:com.OnMobile.AppTest@1ce92674]" name="stopAppium" is-config="true" duration-ms="1205" started-at="2017-09-23T21:52:43Z" finished-at="2017-09-23T21:52:44Z">
          <reporter-output>
          </reporter-output>
        </test-method> <!-- stopAppium -->
      </class> <!-- com.OnMobile.AppTest -->
    </test> <!-- Command line test -->
  </suite> <!-- com.OnMobile.AppTest -->
</testng-results>
