<?xml version="1.0" encoding="UTF-8" ?>
<testsuite tests="3" failures="1" name="TestSuite" time="0.793" errors="0" skipped="2">
  <properties>
[...]
</properties>
  <testcase classname="com.OnMobile.AppTest" name="start_Appiumserver" time="0">
    <failure type="java.lang.NullPointerException">java.lang.NullPointerException
	at com.OnMobile.GenericLib.ReusableMethod.waitForFullpageToLoad(ReusableMethod.java:19)
	at com.OnMobile.AppTest.start_Appiumserver(AppTest.java:27)
</failure>
    <system-out>[22 Sep 2017 02:25:06,795] [ INFO] [] [Emulator                    startEmulator]:[22  ] - =========================Start Emulator=========================
[22 Sep 2017 02:25:06,805] [ INFO] [] [Emulator                    startEmulator]:[25  ] - Emulator Start Successfully ....
[22 Sep 2017 02:25:06,805] [ INFO] [] [ReusableMethod       waitForFullpageToLoad]:[17  ] - Wait for full page To ToLoad....
</system-out>
  </testcase>
  <testcase classname="com.OnMobile.AppTest" name="start" time="0">
    <skipped/>
  </testcase>
  <testcase classname="com.OnMobile.AppTest" name="stop_AppiumServer" time="0">
    <skipped/>
  </testcase>
</testsuite>