<?xml version="1.0" encoding="UTF-8"?>
<testng-results skipped="0" failed="0" ignored="0" total="1" passed="1">
  <reporter-output>
  </reporter-output>
  <suite name="Default suite" duration-ms="60711" started-at="2017-09-22T10:32:26Z" finished-at="2017-09-22T10:33:27Z">
    <groups>
    </groups>
    <test name="Default test" duration-ms="60711" started-at="2017-09-22T10:32:26Z" finished-at="2017-09-22T10:33:27Z">
      <class name="com.OnMobile.AppTest">
        <test-method status="PASS" signature="start_Appiumserver()[pri:0, instance:com.OnMobile.AppTest@11438d26]" name="start_Appiumserver" is-config="true" duration-ms="40777" started-at="2017-09-22T16:02:26Z" finished-at="2017-09-22T16:03:07Z">
          <reporter-output>
          </reporter-output>
        </test-method> <!-- start_Appiumserver -->
        <test-method status="PASS" signature="start()[pri:0, instance:com.OnMobile.AppTest@11438d26]" name="start" duration-ms="19461" started-at="2017-09-22T16:03:07Z" finished-at="2017-09-22T16:03:27Z">
          <reporter-output>
          </reporter-output>
        </test-method> <!-- start -->
        <test-method status="PASS" signature="stop_AppiumServer()[pri:0, instance:com.OnMobile.AppTest@11438d26]" name="stop_AppiumServer" is-config="true" duration-ms="438" started-at="2017-09-22T16:03:27Z" finished-at="2017-09-22T16:03:27Z">
          <reporter-output>
          </reporter-output>
        </test-method> <!-- stop_AppiumServer -->
      </class> <!-- com.OnMobile.AppTest -->
    </test> <!-- Default test -->
  </suite> <!-- Default suite -->
</testng-results>
